<?xml version="1.0" encoding="UTF-8"?>
<testng-results ignored="0" total="2" passed="2" failed="0" skipped="0">
  <reporter-output>
  </reporter-output>
  <suite started-at="2022-06-29T12:36:13Z" name="Default suite" finished-at="2022-06-29T12:36:29Z" duration-ms="16374">
    <groups>
    </groups>
    <test started-at="2022-06-29T12:36:13Z" name="Default test" finished-at="2022-06-29T12:36:29Z" duration-ms="16374">
      <class name="testng.afterandbefrsuite">
        <test-method signature="fb()[pri:0, instance:testng.afterandbefrsuite@12e61fe6]" started-at="2022-06-29T12:36:13Z" name="fb" finished-at="2022-06-29T12:36:18Z" duration-ms="5325" status="PASS">
          <reporter-output>
          </reporter-output>
        </test-method> <!-- fb -->
        <test-method signature="flip()[pri:0, instance:testng.afterandbefrsuite@12e61fe6]" started-at="2022-06-29T12:36:18Z" name="flip" finished-at="2022-06-29T12:36:29Z" duration-ms="11022" status="PASS">
          <reporter-output>
          </reporter-output>
        </test-method> <!-- flip -->
      </class> <!-- testng.afterandbefrsuite -->
    </test> <!-- Default test -->
  </suite> <!-- Default suite -->
</testng-results>
